{"/Users/inoueshinichi/Desktop/MyGithub/Learn_ReactNext/monorepo/packages/frontend/src/app/App.tsx": {"path":"/Users/inoueshinichi/Desktop/MyGithub/Learn_ReactNext/monorepo/packages/frontend/src/app/App.tsx","statementMap":{"0":{"start":{"line":14,"column":4},"end":{"line":14,"column":26}},"1":{"start":{"line":18,"column":4},"end":{"line":18,"column":null}},"2":{"start":{"line":22,"column":4},"end":{"line":47,"column":6}}},"fnMap":{"0":{"name":"Top","decl":{"start":{"line":13,"column":9},"end":{"line":13,"column":12}},"loc":{"start":{"line":13,"column":12},"end":{"line":15,"column":1}}},"1":{"name":"Monorepo","decl":{"start":{"line":17,"column":9},"end":{"line":17,"column":17}},"loc":{"start":{"line":17,"column":17},"end":{"line":19,"column":1}}},"2":{"name":"App","decl":{"start":{"line":21,"column":9},"end":{"line":21,"column":12}},"loc":{"start":{"line":21,"column":12},"end":{"line":48,"column":1}}}},"branchMap":{},"s":{"0":1,"1":0,"2":1},"f":{"0":1,"1":0,"2":1},"b":{}}
,"/Users/inoueshinichi/Desktop/MyGithub/Learn_ReactNext/monorepo/packages/frontend/src/app/Users.tsx": {"path":"/Users/inoueshinichi/Desktop/MyGithub/Learn_ReactNext/monorepo/packages/frontend/src/app/Users.tsx","statementMap":{"0":{"start":{"line":23,"column":4},"end":{"line":23,"column":54}},"1":{"start":{"line":27,"column":17},"end":{"line":53,"column":2}},"2":{"start":{"line":27,"column":28},"end":{"line":53,"column":2}},"3":{"start":{"line":29,"column":24},"end":{"line":29,"column":57}},"4":{"start":{"line":32,"column":23},"end":{"line":32,"column":36}},"5":{"start":{"line":36,"column":25},"end":{"line":48,"column":6}},"6":{"start":{"line":50,"column":31},"end":{"line":50,"column":47}},"7":{"start":{"line":51,"column":17},"end":{"line":51,"column":32}},"8":{"start":{"line":52,"column":4},"end":{"line":52,"column":16}},"9":{"start":{"line":56,"column":16},"end":{"line":92,"column":2}},"10":{"start":{"line":56,"column":51},"end":{"line":92,"column":2}},"11":{"start":{"line":58,"column":24},"end":{"line":58,"column":56}},"12":{"start":{"line":61,"column":23},"end":{"line":61,"column":36}},"13":{"start":{"line":62,"column":4},"end":{"line":62,"column":58}},"14":{"start":{"line":69,"column":21},"end":{"line":72,"column":6}},"15":{"start":{"line":75,"column":25},"end":{"line":87,"column":6}},"16":{"start":{"line":89,"column":31},"end":{"line":89,"column":47}},"17":{"start":{"line":90,"column":17},"end":{"line":90,"column":32}},"18":{"start":{"line":91,"column":4},"end":{"line":91,"column":16}},"19":{"start":{"line":98,"column":30},"end":{"line":98,"column":52}},"20":{"start":{"line":99,"column":34},"end":{"line":99,"column":53}},"21":{"start":{"line":101,"column":38},"end":{"line":101,"column":58}},"22":{"start":{"line":105,"column":4},"end":{"line":119,"column":18}},"23":{"start":{"line":107,"column":8},"end":{"line":118,"column":72}},"24":{"start":{"line":109,"column":16},"end":{"line":109,"column":34}},"25":{"start":{"line":111,"column":30},"end":{"line":111,"column":95}},"26":{"start":{"line":111,"column":85},"end":{"line":111,"column":94}},"27":{"start":{"line":112,"column":16},"end":{"line":112,"column":29}},"28":{"start":{"line":115,"column":16},"end":{"line":115,"column":32}},"29":{"start":{"line":117,"column":28},"end":{"line":117,"column":46}},"30":{"start":{"line":118,"column":27},"end":{"line":118,"column":70}},"31":{"start":{"line":121,"column":36},"end":{"line":124,"column":6}},"32":{"start":{"line":123,"column":8},"end":{"line":123,"column":47}},"33":{"start":{"line":127,"column":10},"end":{"line":169,"column":9}},"34":{"start":{"line":128,"column":12},"end":{"line":128,"column":31}},"35":{"start":{"line":130,"column":12},"end":{"line":148,"column":13}},"36":{"start":{"line":131,"column":16},"end":{"line":131,"column":48}},"37":{"start":{"line":134,"column":16},"end":{"line":145,"column":83}},"38":{"start":{"line":136,"column":24},"end":{"line":136,"column":42}},"39":{"start":{"line":138,"column":38},"end":{"line":138,"column":103}},"40":{"start":{"line":138,"column":93},"end":{"line":138,"column":102}},"41":{"start":{"line":139,"column":24},"end":{"line":139,"column":37}},"42":{"start":{"line":142,"column":24},"end":{"line":142,"column":40}},"43":{"start":{"line":144,"column":36},"end":{"line":144,"column":54}},"44":{"start":{"line":145,"column":35},"end":{"line":145,"column":81}},"45":{"start":{"line":147,"column":16},"end":{"line":147,"column":23}},"46":{"start":{"line":150,"column":39},"end":{"line":150,"column":60}},"47":{"start":{"line":151,"column":12},"end":{"line":151,"column":31}},"48":{"start":{"line":152,"column":12},"end":{"line":152,"column":53}},"49":{"start":{"line":154,"column":35},"end":{"line":154,"column":50}},"50":{"start":{"line":155,"column":37},"end":{"line":155,"column":46}},"51":{"start":{"line":158,"column":12},"end":{"line":168,"column":63}},"52":{"start":{"line":160,"column":20},"end":{"line":160,"column":57}},"53":{"start":{"line":161,"column":20},"end":{"line":165,"column":21}},"54":{"start":{"line":162,"column":24},"end":{"line":162,"column":95}},"55":{"start":{"line":163,"column":24},"end":{"line":163,"column":41}},"56":{"start":{"line":167,"column":32},"end":{"line":167,"column":50}},"57":{"start":{"line":168,"column":31},"end":{"line":168,"column":61}},"58":{"start":{"line":172,"column":10},"end":{"line":177,"column":9}},"59":{"start":{"line":175,"column":12},"end":{"line":175,"column":41}},"60":{"start":{"line":176,"column":12},"end":{"line":176,"column":52}},"61":{"start":{"line":180,"column":10},"end":{"line":184,"column":9}},"62":{"start":{"line":181,"column":12},"end":{"line":183,"column":13}},"63":{"start":{"line":182,"column":16},"end":{"line":182,"column":40}},"64":{"start":{"line":187,"column":4},"end":{"line":216,"column":6}}},"fnMap":{"0":{"name":"User","decl":{"start":{"line":22,"column":9},"end":{"line":22,"column":13}},"loc":{"start":{"line":22,"column":40},"end":{"line":24,"column":1}}},"1":{"name":"(anonymous_8)","decl":{"start":{"line":27,"column":17},"end":{"line":27,"column":26}},"loc":{"start":{"line":27,"column":28},"end":{"line":53,"column":2}}},"2":{"name":"(anonymous_9)","decl":{"start":{"line":27,"column":28},"end":{"line":27,"column":null}},"loc":{"start":{"line":27,"column":28},"end":{"line":53,"column":1}}},"3":{"name":"(anonymous_10)","decl":{"start":{"line":56,"column":16},"end":{"line":56,"column":23}},"loc":{"start":{"line":56,"column":51},"end":{"line":92,"column":2}}},"4":{"name":"(anonymous_11)","decl":{"start":{"line":56,"column":51},"end":{"line":56,"column":null}},"loc":{"start":{"line":56,"column":51},"end":{"line":92,"column":1}}},"5":{"name":"Users","decl":{"start":{"line":95,"column":9},"end":{"line":95,"column":14}},"loc":{"start":{"line":95,"column":14},"end":{"line":217,"column":1}}},"6":{"name":"(anonymous_13)","decl":{"start":{"line":105,"column":33},"end":{"line":105,"column":36}},"loc":{"start":{"line":105,"column":38},"end":{"line":119,"column":5}}},"7":{"name":"(anonymous_14)","decl":{"start":{"line":108,"column":18},"end":{"line":108,"column":19}},"loc":{"start":{"line":108,"column":27},"end":{"line":113,"column":13}}},"8":{"name":"(anonymous_15)","decl":{"start":{"line":111,"column":45},"end":{"line":111,"column":46}},"loc":{"start":{"line":111,"column":85},"end":{"line":111,"column":94}}},"9":{"name":"(anonymous_16)","decl":{"start":{"line":114,"column":18},"end":{"line":114,"column":19}},"loc":{"start":{"line":114,"column":38},"end":{"line":116,"column":13}}},"10":{"name":"(anonymous_17)","decl":{"start":{"line":117,"column":19},"end":{"line":117,"column":20}},"loc":{"start":{"line":117,"column":28},"end":{"line":117,"column":46}}},"11":{"name":"(anonymous_18)","decl":{"start":{"line":118,"column":21},"end":{"line":118,"column":24}},"loc":{"start":{"line":118,"column":27},"end":{"line":118,"column":70}}},"12":{"name":"(anonymous_19)","decl":{"start":{"line":121,"column":46},"end":{"line":121,"column":47}},"loc":{"start":{"line":121,"column":55},"end":{"line":124,"column":5}}},"13":{"name":"(anonymous_20)","decl":{"start":{"line":127,"column":10},"end":{"line":127,"column":11}},"loc":{"start":{"line":127,"column":50},"end":{"line":169,"column":9}}},"14":{"name":"(anonymous_21)","decl":{"start":{"line":135,"column":26},"end":{"line":135,"column":27}},"loc":{"start":{"line":135,"column":35},"end":{"line":140,"column":21}}},"15":{"name":"(anonymous_22)","decl":{"start":{"line":138,"column":53},"end":{"line":138,"column":54}},"loc":{"start":{"line":138,"column":93},"end":{"line":138,"column":102}}},"16":{"name":"(anonymous_23)","decl":{"start":{"line":141,"column":26},"end":{"line":141,"column":27}},"loc":{"start":{"line":141,"column":46},"end":{"line":143,"column":21}}},"17":{"name":"(anonymous_24)","decl":{"start":{"line":144,"column":27},"end":{"line":144,"column":28}},"loc":{"start":{"line":144,"column":36},"end":{"line":144,"column":54}}},"18":{"name":"(anonymous_25)","decl":{"start":{"line":145,"column":29},"end":{"line":145,"column":32}},"loc":{"start":{"line":145,"column":35},"end":{"line":145,"column":81}}},"19":{"name":"(anonymous_26)","decl":{"start":{"line":159,"column":22},"end":{"line":159,"column":23}},"loc":{"start":{"line":159,"column":31},"end":{"line":166,"column":17}}},"20":{"name":"(anonymous_27)","decl":{"start":{"line":167,"column":23},"end":{"line":167,"column":24}},"loc":{"start":{"line":167,"column":32},"end":{"line":167,"column":50}}},"21":{"name":"(anonymous_28)","decl":{"start":{"line":168,"column":25},"end":{"line":168,"column":28}},"loc":{"start":{"line":168,"column":31},"end":{"line":168,"column":61}}},"22":{"name":"(anonymous_29)","decl":{"start":{"line":172,"column":10},"end":{"line":172,"column":11}},"loc":{"start":{"line":172,"column":53},"end":{"line":177,"column":9}}},"23":{"name":"(anonymous_30)","decl":{"start":{"line":180,"column":10},"end":{"line":180,"column":11}},"loc":{"start":{"line":180,"column":53},"end":{"line":184,"column":9}}}},"branchMap":{"0":{"loc":{"start":{"line":130,"column":12},"end":{"line":148,"column":13}},"type":"if","locations":[{"start":{"line":130,"column":12},"end":{"line":148,"column":13}}]},"1":{"loc":{"start":{"line":161,"column":20},"end":{"line":165,"column":21}},"type":"if","locations":[{"start":{"line":161,"column":20},"end":{"line":165,"column":21}}]},"2":{"loc":{"start":{"line":181,"column":12},"end":{"line":183,"column":13}},"type":"if","locations":[{"start":{"line":181,"column":12},"end":{"line":183,"column":13}}]}},"s":{"0":0,"1":1,"2":1,"3":1,"4":1,"5":1,"6":0,"7":0,"8":0,"9":1,"10":0,"11":0,"12":0,"13":0,"14":0,"15":0,"16":0,"17":0,"18":0,"19":1,"20":1,"21":1,"22":1,"23":1,"24":0,"25":0,"26":0,"27":0,"28":0,"29":1,"30":1,"31":1,"32":0,"33":1,"34":0,"35":0,"36":0,"37":0,"38":0,"39":0,"40":0,"41":0,"42":0,"43":0,"44":0,"45":0,"46":0,"47":0,"48":0,"49":0,"50":0,"51":0,"52":0,"53":0,"54":0,"55":0,"56":0,"57":0,"58":1,"59":0,"60":0,"61":1,"62":0,"63":0,"64":1},"f":{"0":0,"1":1,"2":1,"3":0,"4":0,"5":1,"6":1,"7":0,"8":0,"9":0,"10":1,"11":1,"12":0,"13":0,"14":0,"15":0,"16":0,"17":0,"18":0,"19":0,"20":0,"21":0,"22":0,"23":0},"b":{"0":[0],"1":[0],"2":[0]}}
}
