TN:
SF:src/app/App.tsx
FN:13,Top
FN:17,Monorepo
FN:21,App
FNF:3
FNH:2
FNDA:1,Top
FNDA:0,Monorepo
FNDA:1,App
DA:14,1
DA:18,0
DA:22,1
LF:3
LH:2
BRF:0
BRH:0
end_of_record
TN:
SF:src/app/Users.tsx
FN:22,User
FN:27,(anonymous_8)
FN:27,(anonymous_9)
FN:56,(anonymous_10)
FN:56,(anonymous_11)
FN:95,Users
FN:105,(anonymous_13)
FN:108,(anonymous_14)
FN:111,(anonymous_15)
FN:114,(anonymous_16)
FN:117,(anonymous_17)
FN:118,(anonymous_18)
FN:121,(anonymous_19)
FN:127,(anonymous_20)
FN:135,(anonymous_21)
FN:138,(anonymous_22)
FN:141,(anonymous_23)
FN:144,(anonymous_24)
FN:145,(anonymous_25)
FN:159,(anonymous_26)
FN:167,(anonymous_27)
FN:168,(anonymous_28)
FN:172,(anonymous_29)
FN:180,(anonymous_30)
FNF:24
FNH:6
FNDA:0,User
FNDA:1,(anonymous_8)
FNDA:1,(anonymous_9)
FNDA:0,(anonymous_10)
FNDA:0,(anonymous_11)
FNDA:1,Users
FNDA:1,(anonymous_13)
FNDA:0,(anonymous_14)
FNDA:0,(anonymous_15)
FNDA:0,(anonymous_16)
FNDA:1,(anonymous_17)
FNDA:1,(anonymous_18)
FNDA:0,(anonymous_19)
FNDA:0,(anonymous_20)
FNDA:0,(anonymous_21)
FNDA:0,(anonymous_22)
FNDA:0,(anonymous_23)
FNDA:0,(anonymous_24)
FNDA:0,(anonymous_25)
FNDA:0,(anonymous_26)
FNDA:0,(anonymous_27)
FNDA:0,(anonymous_28)
FNDA:0,(anonymous_29)
FNDA:0,(anonymous_30)
DA:23,0
DA:27,1
DA:29,1
DA:32,1
DA:36,1
DA:50,0
DA:51,0
DA:52,0
DA:56,1
DA:58,0
DA:61,0
DA:62,0
DA:69,0
DA:75,0
DA:89,0
DA:90,0
DA:91,0
DA:98,1
DA:99,1
DA:101,1
DA:105,1
DA:107,1
DA:109,0
DA:111,0
DA:112,0
DA:115,0
DA:117,1
DA:118,1
DA:121,1
DA:123,0
DA:127,1
DA:128,0
DA:130,0
DA:131,0
DA:134,0
DA:136,0
DA:138,0
DA:139,0
DA:142,0
DA:144,0
DA:145,0
DA:147,0
DA:150,0
DA:151,0
DA:152,0
DA:154,0
DA:155,0
DA:158,0
DA:160,0
DA:161,0
DA:162,0
DA:163,0
DA:167,0
DA:168,0
DA:172,1
DA:175,0
DA:176,0
DA:180,1
DA:181,0
DA:182,0
DA:187,1
LF:61
LH:17
BRDA:130,0,0,0
BRDA:161,1,0,0
BRDA:181,2,0,0
BRF:3
BRH:0
end_of_record
